<?xml version="1.0" encoding="UTF-8"?>
<!-- Generated by org.testng.reporters.JUnitXMLReporter -->
<testsuite ignored="0" hostname="DESKTOP-RRVV574" failures="0" tests="12" name="Default test" time="0.313" errors="0" timestamp="2021-11-01T17:15:47 IST">
  <testcase classname="testpackage.LoginTestclass6" name="@BeforeSuite setup" time="-1.635767147482E9">
    <failure type="org.testng.TestNGException" message="
Parameter &amp;apos;browser&amp;apos; is required by BeforeSuite on method setup but has not been marked @Optional or defined
in C:\Users\Owner\AppData\Local\Temp\testng-eclipse--902169626\testng-customsuite.xml">
      <![CDATA[org.testng.TestNGException: 
Parameter 'browser' is required by BeforeSuite on method setup but has not been marked @Optional or defined
in C:\Users\Owner\AppData\Local\Temp\testng-eclipse--902169626\testng-customsuite.xml
at org.testng.internal.Parameters.createParams(Parameters.java:270)
at org.testng.internal.Parameters.createParametersForMethod(Parameters.java:358)
at org.testng.internal.Parameters.createParameters(Parameters.java:700)
at org.testng.internal.Parameters.createConfigurationParameters(Parameters.java:168)
at org.testng.internal.ConfigInvoker.invokeConfigurations(ConfigInvoker.java:302)
at org.testng.SuiteRunner.privateRun(SuiteRunner.java:317)
at org.testng.SuiteRunner.run(SuiteRunner.java:276)
at org.testng.SuiteRunnerWorker.runSuite(SuiteRunnerWorker.java:53)
at org.testng.SuiteRunnerWorker.run(SuiteRunnerWorker.java:96)
at org.testng.TestNG.runSuitesSequentially(TestNG.java:1212)
at org.testng.TestNG.runSuitesLocally(TestNG.java:1134)
at org.testng.TestNG.runSuites(TestNG.java:1063)
at org.testng.TestNG.run(TestNG.java:1031)
at org.testng.remote.AbstractRemoteTestNG.run(AbstractRemoteTestNG.java:115)
at org.testng.remote.RemoteTestNG.initAndRun(RemoteTestNG.java:251)
at org.testng.remote.RemoteTestNG.main(RemoteTestNG.java:77)
]]>
    </failure>
  </testcase> <!-- @BeforeSuite setup -->
  <testcase classname="testpackage.LoginTestclass6" name="@BeforeTest profile" time="-1.635767147524E9">
    <skipped/>
  </testcase> <!-- @BeforeTest profile -->
  <testcase classname="testpackage.LoginTestclass6" name="@BeforeClass beforeclass" time="-1.635767147565E9">
    <skipped/>
  </testcase> <!-- @BeforeClass beforeclass -->
  <testcase classname="testpackage.LoginTestclass6" name="@BeforeMethod beforemethod" time="-1.635767147597E9">
    <skipped/>
  </testcase> <!-- @BeforeMethod beforemethod -->
  <testcase classname="testpackage.LoginTestclass6" name="@AfterMethod aftermethod" time="-1.635767147619E9">
    <skipped/>
  </testcase> <!-- @AfterMethod aftermethod -->
  <testcase classname="testpackage.LoginTestclass6" name="@BeforeMethod beforemethod" time="-1.635767147626E9">
    <skipped/>
  </testcase> <!-- @BeforeMethod beforemethod -->
  <testcase classname="testpackage.LoginTestclass6" name="@AfterMethod aftermethod" time="-1.635767147643E9">
    <skipped/>
  </testcase> <!-- @AfterMethod aftermethod -->
  <testcase classname="testpackage.LoginTestclass6" name="@BeforeMethod beforemethod" time="-1.635767147649E9">
    <skipped/>
  </testcase> <!-- @BeforeMethod beforemethod -->
  <testcase classname="testpackage.LoginTestclass6" name="@AfterMethod aftermethod" time="-1.635767147663E9">
    <skipped/>
  </testcase> <!-- @AfterMethod aftermethod -->
  <testcase classname="testpackage.LoginTestclass6" name="@BeforeMethod beforemethod" time="-1.635767147668E9">
    <skipped/>
  </testcase> <!-- @BeforeMethod beforemethod -->
  <testcase classname="testpackage.LoginTestclass6" name="@AfterMethod aftermethod" time="-1.635767147679E9">
    <skipped/>
  </testcase> <!-- @AfterMethod aftermethod -->
  <testcase classname="testpackage.LoginTestclass6" name="@BeforeMethod beforemethod" time="-1.635767147682E9">
    <skipped/>
  </testcase> <!-- @BeforeMethod beforemethod -->
  <testcase classname="testpackage.LoginTestclass6" name="@AfterMethod aftermethod" time="-1.635767147696E9">
    <skipped/>
  </testcase> <!-- @AfterMethod aftermethod -->
  <testcase classname="testpackage.LoginTestclass6" name="@BeforeMethod beforemethod" time="-1.635767147699E9">
    <skipped/>
  </testcase> <!-- @BeforeMethod beforemethod -->
  <testcase classname="testpackage.LoginTestclass6" name="@AfterMethod aftermethod" time="-1.635767147718E9">
    <skipped/>
  </testcase> <!-- @AfterMethod aftermethod -->
  <testcase classname="testpackage.LoginTestclass6" name="@BeforeMethod beforemethod" time="-1.635767147723E9">
    <skipped/>
  </testcase> <!-- @BeforeMethod beforemethod -->
  <testcase classname="testpackage.LoginTestclass6" name="@AfterMethod aftermethod" time="-1.635767147731E9">
    <skipped/>
  </testcase> <!-- @AfterMethod aftermethod -->
  <testcase classname="testpackage.LoginTestclass6" name="@BeforeMethod beforemethod" time="-1.635767147735E9">
    <skipped/>
  </testcase> <!-- @BeforeMethod beforemethod -->
  <testcase classname="testpackage.LoginTestclass6" name="@AfterMethod aftermethod" time="-1.635767147744E9">
    <skipped/>
  </testcase> <!-- @AfterMethod aftermethod -->
  <testcase classname="testpackage.LoginTestclass6" name="@BeforeMethod beforemethod" time="-1.635767147748E9">
    <skipped/>
  </testcase> <!-- @BeforeMethod beforemethod -->
  <testcase classname="testpackage.LoginTestclass6" name="@AfterMethod aftermethod" time="-1.635767147757E9">
    <skipped/>
  </testcase> <!-- @AfterMethod aftermethod -->
  <testcase classname="testpackage.LoginTestclass6" name="@BeforeMethod beforemethod" time="-1.635767147763E9">
    <skipped/>
  </testcase> <!-- @BeforeMethod beforemethod -->
  <testcase classname="testpackage.LoginTestclass6" name="@AfterMethod aftermethod" time="-1.635767147772E9">
    <skipped/>
  </testcase> <!-- @AfterMethod aftermethod -->
  <testcase classname="testpackage.LoginTestclass6" name="@BeforeMethod beforemethod" time="-1.635767147778E9">
    <skipped/>
  </testcase> <!-- @BeforeMethod beforemethod -->
  <testcase classname="testpackage.LoginTestclass6" name="@AfterMethod aftermethod" time="-1.635767147789E9">
    <skipped/>
  </testcase> <!-- @AfterMethod aftermethod -->
  <testcase classname="testpackage.LoginTestclass6" name="@BeforeMethod beforemethod" time="-1.635767147795E9">
    <skipped/>
  </testcase> <!-- @BeforeMethod beforemethod -->
  <testcase classname="testpackage.LoginTestclass6" name="@AfterMethod aftermethod" time="-1.635767147813E9">
    <skipped/>
  </testcase> <!-- @AfterMethod aftermethod -->
  <testcase classname="testpackage.LoginTestclass6" name="@AfterClass afterclass" time="-1.635767147822E9">
    <skipped/>
  </testcase> <!-- @AfterClass afterclass -->
  <testcase classname="testpackage.LoginTestclass6" name="@AfterTest aftertest" time="-1.635767147826E9">
    <skipped/>
  </testcase> <!-- @AfterTest aftertest -->
  <testcase classname="testpackage.LoginTestclass6" name="test1" time="0.0">
    <skipped/>
  </testcase> <!-- test1 -->
  <testcase classname="testpackage.LoginTestclass6" name="test2" time="0.0">
    <skipped/>
  </testcase> <!-- test2 -->
  <testcase classname="testpackage.LoginTestclass6" name="test3" time="0.0">
    <skipped/>
  </testcase> <!-- test3 -->
  <testcase classname="testpackage.LoginTestclass6" name="test4" time="0.0">
    <skipped/>
  </testcase> <!-- test4 -->
  <testcase classname="testpackage.LoginTestclass6" name="test5" time="0.0">
    <skipped/>
  </testcase> <!-- test5 -->
  <testcase classname="testpackage.LoginTestclass6" name="test6" time="0.0">
    <skipped/>
  </testcase> <!-- test6 -->
  <testcase classname="testpackage.LoginTestclass6" name="test7" time="0.0">
    <skipped/>
  </testcase> <!-- test7 -->
  <testcase classname="testpackage.LoginTestclass6" name="test8" time="0.0">
    <skipped/>
  </testcase> <!-- test8 -->
  <testcase classname="testpackage.LoginTestclass6" name="test9" time="0.0">
    <skipped/>
  </testcase> <!-- test9 -->
  <testcase classname="testpackage.LoginTestclass6" name="test10" time="0.0">
    <skipped/>
  </testcase> <!-- test10 -->
  <testcase classname="testpackage.LoginTestclass6" name="test11" time="0.0">
    <skipped/>
  </testcase> <!-- test11 -->
  <testcase classname="testpackage.LoginTestclass6" name="test12" time="0.0">
    <skipped/>
  </testcase> <!-- test12 -->
</testsuite> <!-- Default test -->
