<?xml version="1.0" encoding="UTF-8"?>
<!-- Generated by org.testng.reporters.JUnitXMLReporter -->
<testsuite ignored="0" hostname="DESKTOP-RRVV574" failures="0" tests="12" name="ChromeTest" time="99.383" errors="0" timestamp="2021-11-10T14:09:12 IST">
  <testcase classname="testpackage.LoginTestclass6" name="test1" time="9.716"/>
  <testcase classname="testpackage.LoginTestclass6" name="test2" time="5.345"/>
  <testcase classname="testpackage.LoginTestclass6" name="test3" time="4.61"/>
  <testcase classname="testpackage.LoginTestclass6" name="test4" time="2.71"/>
  <testcase classname="testpackage.LoginTestclass6" name="test5" time="3.37"/>
  <testcase classname="testpackage.LoginTestclass6" name="test6" time="3.003"/>
  <testcase classname="testpackage.LoginTestclass6" name="test7" time="0.004"/>
  <testcase classname="testpackage.LoginTestclass6" name="test8" time="3.143"/>
  <testcase classname="testpackage.LoginTestclass6" name="test9" time="8.539"/>
  <testcase classname="testpackage.LoginTestclass6" name="test10" time="2.17"/>
  <testcase classname="testpackage.LoginTestclass6" name="test11" time="7.505"/>
  <testcase classname="testpackage.LoginTestclass6" name="test12" time="4.845"/>
</testsuite> <!-- ChromeTest -->
