<?xml version="1.0" encoding="UTF-8"?>
<!-- Generated by org.testng.reporters.JUnitXMLReporter -->
<testsuite ignored="0" hostname="DESKTOP-RRVV574" failures="0" tests="12" name="Test" time="74.82" errors="0" timestamp="2021-11-01T16:18:15 IST">
  <testcase classname="testpackage.LoginTestclass6" name="test1" time="8.846"/>
  <testcase classname="testpackage.LoginTestclass6" name="test2" time="3.824"/>
  <testcase classname="testpackage.LoginTestclass6" name="test3" time="3.506"/>
  <testcase classname="testpackage.LoginTestclass6" name="test4" time="2.354"/>
  <testcase classname="testpackage.LoginTestclass6" name="test5" time="2.77"/>
  <testcase classname="testpackage.LoginTestclass6" name="test6" time="2.467"/>
  <testcase classname="testpackage.LoginTestclass6" name="test7" time="0.006"/>
  <testcase classname="testpackage.LoginTestclass6" name="test8" time="1.819"/>
  <testcase classname="testpackage.LoginTestclass6" name="test9" time="7.548"/>
  <testcase classname="testpackage.LoginTestclass6" name="test10" time="1.991"/>
  <testcase classname="testpackage.LoginTestclass6" name="test11" time="7.142"/>
  <testcase classname="testpackage.LoginTestclass6" name="test12" time="4.517"/>
</testsuite> <!-- Test -->
